[2025-04-04 10:07:43] [info] Start Program:
Path:"C:\Users\Petru\Desktop\UBB-IR\Lab\SEM2\OOP\lab5\x64\Debug\lab5.exe"
Arguments:
Working directory: "C:\Users\Petru\Desktop\UBB-IR\Lab\SEM2\OOP\lab5\lab5\"
Modules: Selected: C:\Users\Petru\Desktop\UBB-IR\Lab\SEM2\OOP\lab5\x64\Debug\lab5.exe Excluded: 
Sources: Selected: C:\Users\Petru\Desktop\UBB-IR\Lab\SEM2\OOP\lab5\lab5 Excluded: 
Log Level: Normal
Cover Children: 0
Aggregate by file: 1
Continue after C++ exception: 0
Optimized build support: 0
Export: Binary C:\Users\Petru\AppData\Local\Temp\oniu2tyk.tit 
Input coverage: 
Unified diff: 
Excluded line regular expressions: 
Substitute pdb source paths: 

[2025-04-04 10:07:43] [info] Module: C:\Users\Petru\Desktop\UBB-IR\Lab\SEM2\OOP\lab5\x64\Debug\lab5.exe is selected because it matches selected pattern: C:\Users\Petru\Desktop\UBB-IR\Lab\SEM2\OOP\lab5\x64\Debug\lab5.exe
[2025-04-04 10:07:56] [info] ----------------------------------------------------
[2025-04-04 10:07:56] [info] Coverage binary generated in file: C:\Users\Petru\AppData\Local\Temp\oniu2tyk.tit
[2025-04-04 10:07:56] [info] ----------------------------------------------------
[2025-04-04 10:07:56] [error] Your program stop with error code: 1
