[2025-03-20 13:56:19] [info] Start Program:
Path:"C:\Users\Petru\Desktop\UBB-IR\Lab\SEM2\OOP\lab2-3\x64\Debug\lab2-3.exe"
Arguments:
Working directory: "C:\Users\Petru\Desktop\UBB-IR\Lab\SEM2\OOP\lab2-3\lab2-3\"
Modules: Selected: C:\Users\Petru\Desktop\UBB-IR\Lab\SEM2\OOP\lab2-3\x64\Debug\lab2-3.exe Excluded: 
Sources: Selected: C:\Users\Petru\Desktop\UBB-IR\Lab\SEM2\OOP\lab2-3\lab2-3 Excluded: teste.c main.c ui.c 
Log Level: Normal
Cover Children: 0
Aggregate by file: 1
Continue after C++ exception: 0
Optimized build support: 0
Export: Binary C:\Users\Petru\AppData\Local\Temp\hpfnfg4g.jir 
Input coverage: 
Unified diff: 
Excluded line regular expressions: 
Substitute pdb source paths: 

[2025-03-20 13:56:19] [info] Module: C:\Users\Petru\Desktop\UBB-IR\Lab\SEM2\OOP\lab2-3\x64\Debug\lab2-3.exe is selected because it matches selected pattern: C:\Users\Petru\Desktop\UBB-IR\Lab\SEM2\OOP\lab2-3\x64\Debug\lab2-3.exe
[2025-03-21 09:32:15] [info] ----------------------------------------------------
[2025-03-21 09:32:15] [info] Coverage binary generated in file: C:\Users\Petru\AppData\Local\Temp\vqg5zejq.hkc
[2025-03-21 09:32:15] [info] ----------------------------------------------------
[2025-03-21 09:32:15] [error] Your program stop with error code: 1
