[2025-05-04 21:27:04] [info] Start Program:
Path:"C:\Users\Petru\Desktop\UBB-IR\Lab\SEM2\OOP\lab8\x64\Debug\lab8.exe"
Arguments:
Working directory: "C:\Users\Petru\Desktop\UBB-IR\Lab\SEM2\OOP\lab8\lab8\"
Modules: Selected: C:\Users\Petru\Desktop\UBB-IR\Lab\SEM2\OOP\lab8\x64\Debug\lab8.exe Excluded: 
Sources: Selected: C:\Users\Petru\Desktop\UBB-IR\Lab\SEM2\OOP\lab8\lab8 Excluded: 
Log Level: Normal
Cover Children: 0
Aggregate by file: 1
Continue after C++ exception: 0
Optimized build support: 0
Export: Binary C:\Users\Petru\AppData\Local\Temp\dpqq0vcb.ty2 
Input coverage: 
Unified diff: 
Excluded line regular expressions: 
Substitute pdb source paths: 

[2025-05-04 21:27:04] [info] Module: C:\Users\Petru\Desktop\UBB-IR\Lab\SEM2\OOP\lab8\x64\Debug\lab8.exe is selected because it matches selected pattern: C:\Users\Petru\Desktop\UBB-IR\Lab\SEM2\OOP\lab8\x64\Debug\lab8.exe
[2025-05-04 21:27:10] [info] ----------------------------------------------------
[2025-05-04 21:27:10] [info] Coverage binary generated in file: C:\Users\Petru\AppData\Local\Temp\dpqq0vcb.ty2
[2025-05-04 21:27:10] [info] ----------------------------------------------------
[2025-05-04 21:27:10] [error] Your program stop with error code: 1
