c:\users\petru\desktop\ubb-ir\lab\sem2\oop\oopproduseexam\oopproduseexam\x64\debug\vc143.pdb
c:\users\petru\desktop\ubb-ir\lab\sem2\oop\oopproduseexam\oopproduseexam\x64\debug\vc143.idb
c:\users\petru\desktop\ubb-ir\lab\sem2\oop\oopproduseexam\oopproduseexam\x64\debug\qrc_oopproduseexam.obj
c:\users\petru\desktop\ubb-ir\lab\sem2\oop\oopproduseexam\oopproduseexam\x64\debug\main.obj
c:\users\petru\desktop\ubb-ir\lab\sem2\oop\oopproduseexam\oopproduseexam\x64\debug\teste.obj
c:\users\petru\desktop\ubb-ir\lab\sem2\oop\oopproduseexam\oopproduseexam\x64\debug\qt\uic\ui_oopproduseexam.h
c:\users\petru\desktop\ubb-ir\lab\sem2\oop\oopproduseexam\oopproduseexam\x64\debug\qt\rcc\qrc_oopproduseexam.cpp
c:\users\petru\desktop\ubb-ir\lab\sem2\oop\oopproduseexam\oopproduseexam\x64\debug\qt\moc\moc_oopproduseexam.cpp
c:\users\petru\desktop\ubb-ir\lab\sem2\oop\oopproduseexam\oopproduseexam\x64\debug\oopproduseexam.ilk
c:\users\petru\desktop\ubb-ir\lab\sem2\oop\oopproduseexam\x64\debug\oopproduseexam.pdb
c:\users\petru\desktop\ubb-ir\lab\sem2\oop\oopproduseexam\x64\debug\oopproduseexam.exe
c:\users\petru\desktop\ubb-ir\lab\sem2\oop\oopproduseexam\oopproduseexam\x64\debug\oopproduseexam.tlog\cl.command.1.tlog
c:\users\petru\desktop\ubb-ir\lab\sem2\oop\oopproduseexam\oopproduseexam\x64\debug\oopproduseexam.tlog\cl.items.tlog
c:\users\petru\desktop\ubb-ir\lab\sem2\oop\oopproduseexam\oopproduseexam\x64\debug\oopproduseexam.tlog\cl.read.1.tlog
c:\users\petru\desktop\ubb-ir\lab\sem2\oop\oopproduseexam\oopproduseexam\x64\debug\oopproduseexam.tlog\cl.write.1.tlog
c:\users\petru\desktop\ubb-ir\lab\sem2\oop\oopproduseexam\oopproduseexam\x64\debug\oopproduseexam.tlog\link.command.1.tlog
c:\users\petru\desktop\ubb-ir\lab\sem2\oop\oopproduseexam\oopproduseexam\x64\debug\oopproduseexam.tlog\link.read.1.tlog
c:\users\petru\desktop\ubb-ir\lab\sem2\oop\oopproduseexam\oopproduseexam\x64\debug\oopproduseexam.tlog\link.secondary.1.tlog
c:\users\petru\desktop\ubb-ir\lab\sem2\oop\oopproduseexam\oopproduseexam\x64\debug\oopproduseexam.tlog\link.write.1.tlog
c:\users\petru\desktop\ubb-ir\lab\sem2\oop\oopproduseexam\oopproduseexam\x64\debug\oopproduseexam.tlog\oopproduseexam.write.1u.tlog
c:\users\petru\desktop\ubb-ir\lab\sem2\oop\oopproduseexam\oopproduseexam\x64\debug\oopproduseexam.tlog\rcc.read.1u.tlog
c:\users\petru\desktop\ubb-ir\lab\sem2\oop\oopproduseexam\oopproduseexam\x64\debug\oopproduseexam.tlog\rcc.write.1u.tlog
c:\users\petru\desktop\ubb-ir\lab\sem2\oop\oopproduseexam\oopproduseexam\x64\debug\oopproduseexam.tlog\uic.read.1u.tlog
c:\users\petru\desktop\ubb-ir\lab\sem2\oop\oopproduseexam\oopproduseexam\x64\debug\oopproduseexam.tlog\uic.write.1u.tlog
