(Power
(Power
(Power
(Power
(Power
(Power
(Power
(Power
(Power
(Power
(Power
(Power
(Power
(Sleep
(Sleep
(Sleep
(Sleep
(Sleep
(Sleep
(Sleep
(Sleep
(Sleep
(Sleep
(Sleep
(Sleep
(Sleep
(Video
(Video
(Video
(Video
(Video
(Video
(Video
(Video
(Video
(Video
(Video
(Video
(Video
(uid=0)
(uid=0)
(uid=0)
(uid=0)
(uid=0)
(uid=0)
(uid=0)
(uid=0)
(uid=0)
(uid=0)
(uid=0)
(uid=0)
(uid=0)
(uid=0)
(uid=0)
(uid=0)
(uid=0)
(uid=0)
(uid=0)
(uid=0)
(uid=0)
(uid=0)
(uid=0)
(uid=0)
(uid=0)
(uid=0)
(uid=0)
(uid=0)
(uid=0)
(uid=0)
(uid=0)
(uid=0)
(uid=0)
(uid=0)
(uid=0)
(uid=0)
(uid=0)
(uid=0)
(uid=0)
(uid=0)
(uid=0)
(uid=0)
(uid=0)
(uid=0)
(uid=0)
(uid=0)
(uid=0)
(uid=0)
(uid=0)
(uid=0)
(uid=0)
(uid=0)
(uid=0)
(uid=0)
(uid=0)
(uid=0)
(uid=0)
(uid=0)
(uid=0)
(uid=0)
(uid=0)
(uid=0)
(uid=0)
(uid=0)
(uid=0)
(uid=0)
(uid=0)
(uid=0)
+
+
+
+
+
-
-
-
-
-
/dev/input/event0
/dev/input/event0
/dev/input/event0
/dev/input/event0
/dev/input/event0
/dev/input/event0
/dev/input/event0
/dev/input/event0
/dev/input/event0
/dev/input/event0
/dev/input/event0
/dev/input/event0
/dev/input/event0
/dev/input/event1
/dev/input/event1
/dev/input/event1
/dev/input/event1
/dev/input/event1
/dev/input/event1
/dev/input/event1
/dev/input/event1
/dev/input/event1
/dev/input/event1
/dev/input/event1
/dev/input/event1
/dev/input/event1
/dev/input/event3
/dev/input/event3
/dev/input/event3
/dev/input/event3
/dev/input/event3
/dev/input/event3
/dev/input/event3
/dev/input/event3
/dev/input/event3
/dev/input/event3
/dev/input/event3
/dev/input/event3
/dev/input/event3
/dev/pts/0
/dev/pts/0
/dev/pts/1
/dev/pts/1
/dev/pts/1
0.0.0.0
0.0.0.0
0.0.0.0
0.0.0.0
0.0.0.0
0.0.0.0
0.0.0.0
0.0.0.0
0.0.0.0
0.0.0.0
0.0.0.0
0.0.0.0
0.0.0.0
07:55:52
07:55:52
07:55:52
07:55:52
07:55:55
07:55:55
07:56:45
07:56:45
07:56:45
07:56:45
07:59:38
07:59:38
08:00:04
08:00:04
08:00:05
08:00:05
08:00:17
08:00:17
08:00:17
08:02:05
08:02:05
08:02:05
08:02:05
08:02:08
08:02:08
08:02:55
08:02:55
08:02:55
08:02:55
08:03:22
08:03:22
08:03:22
08:04:42
08:04:42
08:04:42
08:04:42
08:04:45
08:04:45
08:07:11
08:07:11
08:07:11
08:07:11
08:07:41
08:07:41
08:07:41
08:17:01
08:17:01
08:17:01
08:17:01
08:17:01
08:17:01
08:37:38
08:37:38
08:37:38
08:37:38
08:37:41
08:37:41
08:37:57
08:37:57
08:37:57
08:37:57
08:40:19
08:40:21
08:40:28
08:40:28
08:40:28
08:57:21
08:57:21
08:59:52
08:59:52
08:59:58
08:59:58
08:59:58
09:17:01
09:17:01
09:17:01
09:17:01
09:17:01
09:17:02
09:51:36
09:51:36
09:51:36
09:51:36
09:51:36
09:51:36
09:51:53
09:51:53
09:51:53
09:51:53
09:52:23
09:52:23
09:52:39
09:52:39
09:52:39
09:52:39
09:52:39
09:52:39
09:52:39
09:52:50
09:52:50
09:52:50
09:53:22
09:53:22
09:53:26
09:53:26
09:53:51
09:53:51
09:53:51
1
1
1
1
1
1
1
1
1
1
1
1
1.
1.
1.
1.
1.
1.
1.
1.
1.
1.
1.
1.
10.0.2.2
10.0.2.2
10.0.2.2
10.0.2.2
10.0.2.2
10.0.2.2
10.0.2.2
10.0.2.2
10.0.2.2
10.0.2.2
10.0.2.2
10.0.2.2
10.0.2.2
10.0.2.2
10.0.2.2
10.0.2.2
10.0.2.2
10.0.2.2
10.0.2.2
10.0.2.2
10.0.2.2
10.0.2.2
10.0.2.2
10.0.2.2
10.0.2.2
10.0.2.2
10.0.2.2
10.0.2.2
1076
1088
1088
1094
11:41:53
11:41:53
11:41:53
11:41:53
11:41:56
11:41:56
11:42:02
11:42:02
11:42:02
11:42:02
11:42:13
11:42:13
11:42:13
11:42:18
11:42:18
11:42:18
11:42:18
11:42:18
11:42:18
11:55:50
11:55:50
12:00:34
12:00:34
12:00:37
12:00:37
12:00:51
12:00:51
12:00:51
12:04:47
12:04:47
12:04:47
12:04:47
12:04:51
12:04:51
12:05:14
12:05:14
12:05:14
12:05:14
12:05:18
12:05:18
12:06:38
12:06:38
12:06:38
12:06:38
12:07:03
12:07:03
12:07:03
12:09:32
12:09:32
12:09:32
12:09:33
12:09:36
12:09:36
12:09:41
12:09:41
12:09:41
12:09:41
12:09:53
12:09:53
12:09:53
12:13:58
12:13:58
12:13:58
12:13:58
12:17:01
12:17:01
12:17:01
12:17:01
12:17:01
12:17:01
13
13
13
13
13
13
13
13
13
13
13
13
13
13
13
13
13
13
13
13
13
13
13
13
13
13
13
1306
1352
1381
1386
13:17:01
13:17:01
13:17:01
13:17:01
13:17:01
13:17:01
13:21:59
13:21:59
13:21:59
13:30:12
13:30:12
13:30:12
13:30:12
13:30:12
13:30:12
13:32:47
13:32:47
13:48:33
13:48:33
13:48:33
13:48:33
13:48:33
13:48:33
13:50:55
13:50:55
13:50:55
13:50:55
13:51:01
13:51:01
13:51:01
13:51:02
13:51:02
13:51:03
13:51:03
13:51:03
13:51:57
13:51:57
13:51:57
13:53:59
13:53:59
13:53:59
13:53:59
13:54:05
13:54:05
13:54:05
1408
1409
14:02:09
14:02:09
14:02:09
14:02:09
14:02:11
14:02:11
14:02:38
14:02:38
14:02:38
14:02:38
14:06:22
14:06:22
14:06:22
14:06:22
14:06:29
14:06:29
14:17:01
14:17:01
14:17:01
14:17:01
14:21:17
14:21:17
14:21:17
14:21:18
14:21:24
14:21:24
14:21:24
14:21:24
14:21:24
14:21:24
14:22:23
14:22:23
14:22:28
14:22:28
14:22:28
15
15
15
15
15
15
15
15
15
15
15
15
15
15
15
15
15
15
15
15
15
15
15
15
15
15
15
15
15
15
15
15
15
15
15
15
15
15
15
15
15
15
15
15
15
15
15
15
15
15
15
15
15
15
15
15
15
15
15
15
15
15
15
15
15
15
15
15
15
15
15
15
15
15
15
15
15
15
15
15
15
15
15
15
15
15
15
15
15
15
15
15
15
15
15
15
15
15
15
15
15
15
15
15
15
15
15
15
15
15
15
1509
1510
1511
15:17:01
15:17:01
15:26:55
15:26:55
15:27:14
15:27:14
15:27:14
15;
16:02:33
16:02:33
16:02:33
16:02:33
16:02:43
16:02:43
16:02:56
16:02:56
16:02:56
16:02:56
16:08:22
16:08:22
16:17:01
16:17:01
16:17:01
16:17:01
16:36:46
16:36:46
16:36:46
16:36:46
16:37:16
16:37:16
16:37:16
16:42:15
16:42:15
16:42:15
16:42:15
16:49:46
16:49:46
16:49:46
16:49:46
16:49:48
16:49:48
16:49:56
16:49:56
16:49:56
16:49:56
1743
1783
1784
17:02:28
17:02:28
17:02:28
17:10:24
17:10:24
17:10:24
17:10:24
17:10:27
17:10:27
17:10:28
17:10:28
17:10:28
17:10:46
17:10:46
17:10:46
17:10:46
17:17:01
17:17:01
17:17:01
17:17:01
17:17:01
17:17:01
17:17:43
17:17:43
17:17:43
1820
18:17:01
18:17:01
18:17:01
18:17:01
18:17:01
18:17:01
1998
19:17:01
19:17:01
19:17:01
19:17:01
19:17:01
19:17:01
19:48:33
19:48:33
19:48:38
19:48:38
19:48:52
19:48:52
19:48:52
19:50:33
19:50:33
19:50:33
19:50:33
19:50:41
19:50:41
19:50:41
19:50:41
19:57:02
19:57:02
19:57:03
19:57:03
19:57:07
19:57:07
19:57:07
2
2
2
2
2
2
2
2
2
2.
2.
2.
2.
2.
2.
2.
2.
20
20
20
20
20
20
20
20
20
20
20
20
20
20
20
20
20
20
20
20
20
20
20
20
20
20
20
20
20
20
20
20
20
20
21700
21716
2179
22
22
22
22
22
22
22
22
22
22
22
22
22
22
22
22
22
22
22
22
22
22
22
22
22
22
22
22
22
22
22
22
22
22
22
22
22
22
22
22
22
22
22
22
22
22
22
22
22.
22.
22.
22.
22.
22.
22.
22.
22.
22.
22.
22.
22.
22.
22.
22.
22.
22.
22.
22.
22.
22.
22.
22.
22.
22.
23
23
23
23
23
23
23
23
23
23
23
23
23
23
23
23
23
23
23
23
23
23
2492
2493
2621
2622
27
27
27
27
27
27
27
27
27
27
27
27
27
27
27
27
27
27
27
27
27
27
27
27
27
27
2768
29
29
29
29
29
29
29
29
29
29
29
29
29
29
29
29
29
29
29
29
29
29
29
29
29
29
29
29
29
29
29
29
29
29
29
29
29
29
29
29
29
29
29
29
29
29
29
29
29
29
29
29
29
29
29
29
29
29
29
29
29
29
29
29
29
29
29
29
29
29
29
29
29
29
29
29
29
29
29
29
29
29
29
29
29
29
29
29
29
29
29
29
29
3
3
3
3.
3.
3.
4
4
4
4.
4.
4.
9264
9304
:
:
:
:
:
::
::
::
::
::
::
::
::
::
::
::
::
::
;
;
;
;
;
;
;
;
;
;
;
;
;
;
;
Accepted
Accepted
Accepted
Accepted
Accepted
Accepted
Accepted
Accepted
Accepted
Accepted
Accepted
Accepted
Accepted
Accepted
Accepted
Accepted
Accepted
Accepted
Accepted
Accepted
Accepted
Accepted
Accepted
Accepted
Accepted
Accepted
Accepted
Already
Already
Already
Already
Already
Bus)
Bus)
Bus)
Bus)
Bus)
Bus)
Bus)
Bus)
Bus)
Bus)
Bus)
Bus)
Bus)
Button)
Button)
Button)
Button)
Button)
Button)
Button)
Button)
Button)
Button)
Button)
Button)
Button)
Button)
Button)
Button)
Button)
Button)
Button)
Button)
Button)
Button)
Button)
Button)
Button)
Button)
COMMAND=/bin/su
COMMAND=/bin/su
COMMAND=/bin/su
COMMAND=/bin/su
COMMAND=/bin/su
CRON[10590]:
CRON[10590]:
CRON[1127]:
CRON[1127]:
CRON[1198]:
CRON[1198]:
CRON[1222]:
CRON[1222]:
CRON[1242]:
CRON[1242]:
CRON[1250]:
CRON[1250]:
CRON[1311]:
CRON[1311]:
CRON[1359]:
CRON[1359]:
CRON[1362]:
CRON[1362]:
CRON[1503]:
CRON[1503]:
CRON[1572]:
CRON[1572]:
CRON[1573]:
CRON[1573]:
CRON[1844]:
CRON[1844]:
CRON[1893]:
CRON[1893]:
CRON[1966]:
CRON[1966]:
CRON[2014]:
CRON[2014]:
CRON[2146]:
CRON[2146]:
CRON[2197]:
CRON[2197]:
CRON[2231]:
CRON[2231]:
CRON[2301]:
CRON[2301]:
CRON[2693]:
CRON[2693]:
CRON[2802]:
CRON[2802]:
CRON[2848]:
CRON[2848]:
CRON[5478]:
CRON[5478]:
CRON[5660]:
CRON[5660]:
CRON[9626]:
CRON[9626]:
Cannot
Cannot
Cannot
Cannot
Cannot
Failed
Mar
Mar
Mar
Mar
Mar
Mar
Mar
Mar
Mar
Mar
Mar
Mar
Mar
Mar
Mar
Mar
Mar
Mar
Mar
Mar
Mar
Mar
Mar
Mar
Mar
Mar
Mar
Mar
Mar
Mar
Mar
Mar
Mar
Mar
Mar
Mar
Mar
Mar
Mar
Mar
Mar
Mar
Mar
Mar
Mar
Mar
Mar
Mar
Mar
Mar
Mar
Mar
Mar
Mar
Mar
Mar
Mar
Mar
Mar
Mar
Mar
Mar
Mar
Mar
Mar
Mar
Mar
Mar
Mar
Mar
Mar
Mar
Mar
Mar
Mar
Mar
Mar
Mar
Mar
Mar
Mar
Mar
Mar
Mar
Mar
Mar
Mar
Mar
Mar
Mar
Mar
Mar
Mar
Mar
Mar
Mar
Mar
Mar
Mar
Mar
Mar
Mar
Mar
Mar
Mar
Mar
Mar
Mar
Mar
Mar
Mar
Mar
Mar
Mar
Mar
Mar
Mar
Mar
Mar
Mar
Mar
Mar
Mar
Mar
Mar
Mar
Mar
Mar
Mar
Mar
Mar
Mar
Mar
Mar
Mar
Mar
Mar
Mar
Mar
Mar
Mar
Mar
Mar
Mar
Mar
Mar
Mar
Mar
Mar
Mar
Mar
Mar
Mar
Mar
Mar
Mar
Mar
Mar
Mar
Mar
Mar
Mar
Mar
Mar
Mar
Mar
Mar
Mar
Mar
Mar
Mar
Mar
Mar
Mar
Mar
Mar
Mar
Mar
Mar
Mar
Mar
Mar
Mar
Mar
Mar
Mar
Mar
Mar
Mar
Mar
Mar
Mar
Mar
Mar
Mar
Mar
Mar
Mar
Mar
Mar
Mar
Mar
Mar
Mar
Mar
Mar
Mar
Mar
Mar
Mar
Mar
Mar
Mar
Mar
Mar
Mar
Mar
Mar
Mar
Mar
Mar
Mar
Mar
Mar
Mar
Mar
Mar
Mar
Mar
Mar
Mar
Mar
Mar
Mar
Mar
Mar
Mar
Mar
Mar
Mar
Mar
Mar
Mar
Mar
Mar
Mar
Mar
Mar
Mar
Mar
Mar
Mar
Mar
Mar
Mar
Mar
Mar
Mar
Mar
Mar
Mar
Mar
Mar
Mar
Mar
Mar
Mar
Mar
Mar
Mar
Mar
Mar
Mar
Mar
Mar
Mar
Mar
Mar
Mar
Mar
Mar
Mar
Mar
Mar
Mar
Mar
Mar
Mar
Mar
Mar
Mar
Mar
Mar
Mar
Mar
Mar
Mar
Mar
Mar
Mar
Mar
Mar
Mar
Mar
Mar
Mar
Mar
Mar
Mar
Mar
Mar
Mar
Mar
Mar
Mar
Mar
Mar
Mar
Mar
Mar
Mar
Mar
Mar
Mar
Mar
Mar
Mar
Mar
Mar
Mar
Mar
Mar
Mar
Mar
Mar
Mar
Mar
Mar
Mar
Mar
Mar
Mar
Mar
Mar
Mar
Mar
Mar
Mar
Mar
Mar
Mar
Mar
Mar
Mar
Mar
Mar
Mar
Mar
Mar
Mar
Mar
New
New
New
New
New
New
New
New
New
New
New
New
New
New
New
New
New
New
New
New
New
New
New
New
New
New
New
New
New
New
New
New
New
New
New
New
New
New
New
New
Off...
Off...
Off...
Off...
Off...
Off...
Off...
Off...
Off...
Off...
Off...
Off...
Off...
PWD=/home/rares
PWD=/home/rares
PWD=/home/rares/nessie/course/os/res/osvm/2018/lecture-03-en
PWD=/home/rares/nessie/course/os/res/osvm/2018/lecture-03-ro
PWD=/home/rares/nessie/course/os/res/osvm/2018/lecture-03-ro
Power
Power
Power
Power
Power
Power
Power
Power
Power
Power
Power
Power
Power
Powering
Powering
Powering
Powering
Powering
Powering
Powering
Powering
Powering
Powering
Powering
Powering
Powering
Received
Removed
Removed
Removed
Removed
Removed
Removed
Removed
Removed
Removed
Removed
Removed
Removed
Removed
Removed
Removed
Removed
Removed
Removed
Removed
Removed
Removed
Removed
Removed
Removed
Removed
Removed
Server
Server
Server
Server
Server
Server
Server
Server
Server
Server
Server
Server
Server
Server
Server
Server
Server
Server
Server
Server
Server
Server
Server
Server
Server
Server
Successful
Successful
Successful
Successful
Successful
System
System
System
System
System
System
System
System
System
System
System
System
System
TTY=pts/0
TTY=pts/0
TTY=pts/1
TTY=pts/1
TTY=pts/1
USER=root
USER=root
USER=root
USER=root
USER=root
Watching
Watching
Watching
Watching
Watching
Watching
Watching
Watching
Watching
Watching
Watching
Watching
Watching
Watching
Watching
Watching
Watching
Watching
Watching
Watching
Watching
Watching
Watching
Watching
Watching
Watching
Watching
Watching
Watching
Watching
Watching
Watching
Watching
Watching
Watching
Watching
Watching
Watching
Watching
a
a
a
a
a
authentication
buttons
buttons
buttons
buttons
buttons
buttons
buttons
buttons
buttons
buttons
buttons
buttons
buttons
buttons
buttons
buttons
buttons
buttons
buttons
buttons
buttons
buttons
buttons
buttons
buttons
buttons
buttons
buttons
buttons
buttons
buttons
buttons
buttons
buttons
buttons
buttons
buttons
buttons
buttons
by
by
by
by
by
by
by
by
by
by
by
by
by
by
by
by
by
by
by
by
by
by
by
by
by
by
by
by
by
by
by
by
by
by
by
by
by
by
by
by
by
by
by
by
by
by
by
by
by
by
by
by
by
by
by
by
by
by
by
by
by
by
by
by
by
by
by
by
by
by
by
by
by
by
by
by
by
by
by
by
by
by
by
closed
closed
closed
closed
closed
closed
closed
closed
closed
closed
closed
closed
closed
closed
closed
closed
closed
closed
closed
closed
closed
closed
closed
closed
closed
closed
closed
closed
closed
closed
closed
closed
closed
closed
closed
closed
closed
closed
closed
closed
closed
closed
closed
closed
closed
closed
closed
closed
closed
closed
closed
closed
closed
closed
closed
closed
closed
closed
closed
closed
closed
closed
closed
create
create
create
create
create
down.
down.
down.
down.
down.
down.
down.
down.
down.
down.
down.
down.
down.
euid=0
failure;
for
for
for
for
for
for
for
for
for
for
for
for
for
for
for
for
for
for
for
for
for
for
for
for
for
for
for
for
for
for
for
for
for
for
for
for
for
for
for
for
for
for
for
for
for
for
for
for
for
for
for
for
for
for
for
for
for
for
for
for
for
for
for
for
for
for
for
for
for
for
for
for
for
for
for
for
for
for
for
for
for
for
for
for
for
for
for
for
for
for
for
for
for
for
for
for
for
for
for
for
for
for
for
for
for
for
for
for
for
for
for
for
for
for
for
for
for
for
for
for
for
for
for
for
for
for
for
for
for
for
for
for
for
for
for
for
for
for
for
for
for
for
for
for
for
for
for
for
for
for
for
for
for
for
for
for
for
for
for
for
for
for
for
for
for
for
for
for
for
for
for
for
for
for
from
from
from
from
from
from
from
from
from
from
from
from
from
from
from
from
from
from
from
from
from
from
from
from
from
from
from
from
in
in
in
in
in
is
is
is
is
is
is
is
is
is
is
is
is
is
key
key
key
key
key
key
key
key
key
key
key
key
key
listening
listening
listening
listening
listening
listening
listening
listening
listening
listening
listening
listening
listening
listening
listening
listening
listening
listening
listening
listening
listening
listening
listening
listening
listening
listening
logname=
of
of
of
of
of
of
of
of
of
of
of
of
of
of
of
of
of
of
of
of
of
of
of
of
of
of
of
on
on
on
on
on
on
on
on
on
on
on
on
on
on
on
on
on
on
on
on
on
on
on
on
on
on
on
on
on
on
on
on
on
on
on
on
on
on
on
on
on
on
on
on
on
on
on
on
on
on
on
on
on
on
on
on
on
on
on
on
on
on
on
on
on
opened
opened
opened
opened
opened
opened
opened
opened
opened
opened
opened
opened
opened
opened
opened
opened
opened
opened
opened
opened
opened
opened
opened
opened
opened
opened
opened
opened
opened
opened
opened
opened
opened
opened
opened
opened
opened
opened
opened
opened
opened
opened
opened
opened
opened
opened
opened
opened
opened
opened
opened
opened
opened
opened
opened
opened
opened
opened
opened
opened
opened
opened
opened
opened
opened
opened
opened
opened
opened
opened
opened
opened
opened
opened
opened
opened
opened
opened
osvm
osvm
osvm
osvm
osvm
osvm
osvm
osvm
osvm
osvm
osvm
osvm
osvm
osvm
osvm
osvm
osvm
osvm
osvm
osvm
osvm
osvm
osvm
osvm
osvm
osvm
osvm
osvm
osvm
osvm
osvm
osvm
osvm
osvm
osvm
osvm
osvm
osvm
osvm
osvm
osvm
osvm
osvm
osvm
osvm
osvm
osvm
osvm
osvm
osvm
osvm
osvm
osvm
osvm
osvm
osvm
osvm
osvm
osvm
osvm
osvm
osvm
osvm
osvm
osvm
osvm
osvm
osvm
osvm
osvm
osvm
osvm
osvm
osvm
osvm
osvm
osvm
osvm
osvm
osvm
osvm
osvm
osvm
osvm
osvm
osvm
osvm
osvm
osvm
osvm
osvm
osvm
osvm
osvm
osvm
osvm
osvm
osvm
osvm
osvm
osvm
osvm
osvm
osvm
osvm
osvm
osvm
osvm
osvm
osvm
osvm
osvm
osvm
osvm
osvm
osvm
osvm
osvm
osvm
osvm
osvm
osvm
osvm
osvm
osvm
osvm
osvm
osvm
osvm
osvm
osvm
osvm
osvm
osvm
osvm
osvm
osvm
osvm
osvm
osvm
osvm
osvm
osvm
osvm
osvm
osvm
osvm
osvm
osvm
osvm
osvm
osvm
osvm
osvm
osvm
osvm
osvm
osvm
osvm
osvm
osvm
osvm
osvm
osvm
osvm
osvm
osvm
osvm
osvm
osvm
osvm
osvm
osvm
osvm
osvm
osvm
osvm
osvm
osvm
osvm
osvm
osvm
osvm
osvm
osvm
osvm
osvm
osvm
osvm
osvm
osvm
osvm
osvm
osvm
osvm
osvm
osvm
osvm
osvm
osvm
osvm
osvm
osvm
osvm
osvm
osvm
osvm
osvm
osvm
osvm
osvm
osvm
osvm
osvm
osvm
osvm
osvm
osvm
osvm
osvm
osvm
osvm
osvm
osvm
osvm
osvm
osvm
osvm
osvm
osvm
osvm
osvm
osvm
osvm
osvm
osvm
osvm
osvm
osvm
osvm
osvm
osvm
osvm
osvm
osvm
osvm
osvm
osvm
osvm
osvm
osvm
osvm
osvm
osvm
osvm
osvm
osvm
osvm
osvm
osvm
osvm
osvm
osvm
osvm
osvm
osvm
osvm
osvm
osvm
osvm
osvm
osvm
osvm
osvm
osvm
osvm
osvm
osvm
osvm
osvm
osvm
osvm
osvm
osvm
osvm
osvm
osvm
osvm
osvm
osvm
osvm
osvm
osvm
osvm
osvm
osvm
osvm
osvm
osvm
osvm
osvm
osvm
osvm
osvm
osvm
osvm
osvm
osvm
osvm
osvm
osvm
osvm
osvm
osvm
osvm
osvm
osvm
osvm
osvm
osvm
osvm
osvm
osvm
osvm
osvm
osvm
osvm
osvm
osvm
osvm
osvm
osvm
osvm
osvm
osvm
osvm
osvm
osvm
osvm
osvm
osvm
osvm
osvm
osvm
osvm
osvm
osvm
osvm
osvm
osvm
osvm
osvm
osvm
osvm
osvm
osvm
osvm
osvm
osvm
osvm
osvm
pam_systemd(su:session):
pam_systemd(su:session):
pam_systemd(su:session):
pam_systemd(su:session):
pam_systemd(su:session):
pam_unix(cron:session):
pam_unix(cron:session):
pam_unix(cron:session):
pam_unix(cron:session):
pam_unix(cron:session):
pam_unix(cron:session):
pam_unix(cron:session):
pam_unix(cron:session):
pam_unix(cron:session):
pam_unix(cron:session):
pam_unix(cron:session):
pam_unix(cron:session):
pam_unix(cron:session):
pam_unix(cron:session):
pam_unix(cron:session):
pam_unix(cron:session):
pam_unix(cron:session):
pam_unix(cron:session):
pam_unix(cron:session):
pam_unix(cron:session):
pam_unix(cron:session):
pam_unix(cron:session):
pam_unix(cron:session):
pam_unix(cron:session):
pam_unix(cron:session):
pam_unix(cron:session):
pam_unix(cron:session):
pam_unix(cron:session):
pam_unix(cron:session):
pam_unix(cron:session):
pam_unix(cron:session):
pam_unix(cron:session):
pam_unix(cron:session):
pam_unix(cron:session):
pam_unix(cron:session):
pam_unix(cron:session):
pam_unix(cron:session):
pam_unix(cron:session):
pam_unix(cron:session):
pam_unix(cron:session):
pam_unix(cron:session):
pam_unix(cron:session):
pam_unix(cron:session):
pam_unix(cron:session):
pam_unix(cron:session):
pam_unix(cron:session):
pam_unix(cron:session):
pam_unix(cron:session):
pam_unix(cron:session):
pam_unix(cron:session):
pam_unix(cron:session):
pam_unix(cron:session):
pam_unix(sshd:auth):
pam_unix(sshd:session):
pam_unix(sshd:session):
pam_unix(sshd:session):
pam_unix(sshd:session):
pam_unix(sshd:session):
pam_unix(sshd:session):
pam_unix(sshd:session):
pam_unix(sshd:session):
pam_unix(sshd:session):
pam_unix(sshd:session):
pam_unix(sshd:session):
pam_unix(sshd:session):
pam_unix(sshd:session):
pam_unix(sshd:session):
pam_unix(sshd:session):
pam_unix(sshd:session):
pam_unix(sshd:session):
pam_unix(sshd:session):
pam_unix(sshd:session):
pam_unix(sshd:session):
pam_unix(sshd:session):
pam_unix(sshd:session):
pam_unix(sshd:session):
pam_unix(sshd:session):
pam_unix(sshd:session):
pam_unix(sshd:session):
pam_unix(sshd:session):
pam_unix(sshd:session):
pam_unix(sshd:session):
pam_unix(sshd:session):
pam_unix(sshd:session):
pam_unix(sshd:session):
pam_unix(sshd:session):
pam_unix(sshd:session):
pam_unix(sshd:session):
pam_unix(sshd:session):
pam_unix(sshd:session):
pam_unix(sshd:session):
pam_unix(sshd:session):
pam_unix(sshd:session):
pam_unix(sshd:session):
pam_unix(sshd:session):
pam_unix(sshd:session):
pam_unix(sshd:session):
pam_unix(sshd:session):
pam_unix(sshd:session):
pam_unix(sshd:session):
pam_unix(sshd:session):
pam_unix(sshd:session):
pam_unix(sshd:session):
pam_unix(sshd:session):
pam_unix(sshd:session):
pam_unix(sshd:session):
pam_unix(sshd:session):
pam_unix(su:session):
pam_unix(su:session):
pam_unix(su:session):
pam_unix(su:session):
pam_unix(su:session):
pam_unix(su:session):
pam_unix(su:session):
pam_unix(su:session):
pam_unix(su:session):
pam_unix(su:session):
pam_unix(sudo:session):
pam_unix(sudo:session):
pam_unix(sudo:session):
pam_unix(sudo:session):
pam_unix(sudo:session):
pam_unix(sudo:session):
pam_unix(sudo:session):
pam_unix(sudo:session):
pam_unix(sudo:session):
pam_unix(sudo:session):
pam_unix(systemd-user:session):
pam_unix(systemd-user:session):
pam_unix(systemd-user:session):
pam_unix(systemd-user:session):
pam_unix(systemd-user:session):
pam_unix(systemd-user:session):
pam_unix(systemd-user:session):
pam_unix(systemd-user:session):
pam_unix(systemd-user:session):
pam_unix(systemd-user:session):
pam_unix(systemd-user:session):
pam_unix(systemd-user:session):
pam_unix(systemd-user:session):
pam_unix(systemd-user:session):
pam_unix(systemd-user:session):
password
password
password
password
password
password
password
password
password
password
password
password
password
password
password
password
password
password
password
password
password
password
password
password
password
password
password
password
port
port
port
port
port
port
port
port
port
port
port
port
port
port
port
port
port
port
port
port
port
port
port
port
port
port
port
port
port
port
port
port
port
port
port
port
port
port
port
port
port
port
port
port
port
port
port
port
port
port
port
port
port
port
powering
powering
powering
powering
powering
powering
powering
powering
powering
powering
powering
powering
powering
pressed.
pressed.
pressed.
pressed.
pressed.
pressed.
pressed.
pressed.
pressed.
pressed.
pressed.
pressed.
pressed.
rares
rares
rares
rares
rares
rares
rares
rares
rares
rares
rares
rares
rares
rares
rares
rares
rares
rares
rares
rares
rares
rares
rares
rares
rares
rares
rares
rares
rares
rares
rares
rares
rares
rares
rares
rares
rares
rares
rares
rares
rares
rares
rares
rares
rares
rares
rares
rares
rares
rares
rares
rares
rares
rares
rares
rares
rares
rares
rares
rares
rares
rares
rares
rares
rares
rares
rares
rares
rares
rares
rares
rares
rares
rares
rares
rares
rares
rares
rares
rares
rares
rares
rares
rares
rares
rares
rares
rares
rares
rares
rares
rares
rares
rares
rares
rares
rares
rares
rares
rares
rares
rares
rares(uid=0)
rares(uid=0)
rares(uid=0)
rares(uid=0)
rares(uid=0)
rares(uid=0)
rares(uid=0)
rares(uid=0)
rares(uid=0)
rares(uid=0)
rares.
rares.
rares.
rares.
rares.
rares.
rares.
rares.
rares.
rares.
rares.
rares.
rares.
rares.
rares.
rares.
rares.
rares.
rares.
rares.
rares.
rares.
rares.
rares.
rares.
rares.
rares.
rhost=10.0.2.2
root
root
root
root
root
root
root
root
root
root
root
root
root
root
root
root
root
root
root
root
root
root
root
root
root
root
root
root
root
root
root
root
root
root
root
root
root
root
root
root
root
root
root
root
root
root
root
root
root
root
root
root
root
root
root
root
root
root
root
root
root
root
root
root
root
root
root
root
root
root
root
root
root
root
root
root
root
root
root
root
root
root
root:root
root:root
root:root
root:root
root:root
running
running
running
running
running
ruser=
seat
seat
seat
seat
seat
seat
seat
seat
seat
seat
seat
seat
seat
seat0.
seat0.
seat0.
seat0.
seat0.
seat0.
seat0.
seat0.
seat0.
seat0.
seat0.
seat0.
seat0.
session
session
session
session
session
session
session
session
session
session
session
session
session
session
session
session
session
session
session
session
session
session
session
session
session
session
session
session
session
session
session
session
session
session
session
session
session
session
session
session
session
session
session
session
session
session
session
session
session
session
session
session
session
session
session
session
session
session
session
session
session
session
session
session
session
session
session
session
session
session
session
session
session
session
session
session
session
session
session
session
session
session
session
session
session
session
session
session
session
session
session
session
session
session
session
session
session
session
session
session
session
session
session
session
session
session
session
session
session
session
session
session
session
session
session
session
session
session
session
session
session
session
session
session
session
session
session
session
session
session
session
session
session
session
session
session
session
session
session
session
session
session
session
session
session
session
session
session
session
session
session
session
session
session
session
session
session
session
session
session
session
session
session
session
session
session
session
session
session
session
session
session
session
session
session
session
session
session
session
session
session
session
session
session
session
session
session
session
session
session
session
session
session
session
session
session
session
session
session
session:
session:
session:
session:
session:
signal
ssh2
ssh2
ssh2
ssh2
ssh2
ssh2
ssh2
ssh2
ssh2
ssh2
ssh2
ssh2
ssh2
ssh2
ssh2
ssh2
ssh2
ssh2
ssh2
ssh2
ssh2
ssh2
ssh2
ssh2
ssh2
ssh2
ssh2
ssh2
sshd[1005]:
sshd[1005]:
sshd[1005]:
sshd[1005]:
sshd[1006]:
sshd[1006]:
sshd[1007]:
sshd[1007]:
sshd[1008]:
sshd[1008]:
sshd[1012]:
sshd[1012]:
sshd[1023]:
sshd[1023]:
sshd[1024]:
sshd[1024]:
sshd[1024]:
sshd[1024]:
sshd[1028]:
sshd[1028]:
sshd[1032]:
sshd[1032]:
sshd[1032]:
sshd[1032]:
sshd[1034]:
sshd[1034]:
sshd[1034]:
sshd[1101]:
sshd[1101]:
sshd[1101]:
sshd[1103]:
sshd[1103]:
sshd[1103]:
sshd[1115]:
sshd[1115]:
sshd[1115]:
sshd[1117]:
sshd[1117]:
sshd[1117]:
sshd[1118]:
sshd[1118]:
sshd[1118]:
sshd[1119]:
sshd[1119]:
sshd[1119]:
sshd[1124]:
sshd[1124]:
sshd[1124]:
sshd[1130]:
sshd[1130]:
sshd[1130]:
sshd[1166]:
sshd[1166]:
sshd[1166]:
sshd[1184]:
sshd[1184]:
sshd[1184]:
sshd[1206]:
sshd[1206]:
sshd[1206]:
sshd[1227]:
sshd[1227]:
sshd[1227]:
sshd[1231]:
sshd[1231]:
sshd[1231]:
sshd[1234]:
sshd[1234]:
sshd[1234]:
sshd[1234]:
sshd[1234]:
sshd[1250]:
sshd[1250]:
sshd[1250]:
sshd[1309]:
sshd[1309]:
sshd[1309]:
sshd[1312]:
sshd[1312]:
sshd[1312]:
sshd[1349]:
sshd[1349]:
sshd[1349]:
sshd[1353]:
sshd[1353]:
sshd[1353]:
sshd[1391]:
sshd[1391]:
sshd[1391]:
sshd[1447]:
sshd[1447]:
sshd[1447]:
sshd[1576]:
sshd[1576]:
sshd[1576]:
sshd[1773]:
sshd[1773]:
sshd[1773]:
sshd[1858]:
sshd[1858]:
sshd[1858]:
sshd[2186]:
sshd[2186]:
sshd[2186]:
sshd[5258]:
sshd[5258]:
sshd[5258]:
sshd[5353]:
sshd[5353]:
sshd[5353]:
su
su
su
su
su
su[1204]:
su[1204]:
su[1204]:
su[1204]:
su[1204]:
su[1222]:
su[1222]:
su[1222]:
su[1222]:
su[1222]:
su[24053]:
su[24053]:
su[24053]:
su[24053]:
su[24053]:
su[3706]:
su[3706]:
su[3706]:
su[3706]:
su[3706]:
su[4775]:
su[4775]:
su[4775]:
su[4775]:
su[4775]:
sudo:
sudo:
sudo:
sudo:
sudo:
sudo:
sudo:
sudo:
sudo:
sudo:
sudo:
sudo:
sudo:
sudo:
sudo:
system
system
system
system
system
system
system
system
system
system
system
system
system
system
system
system
system
system
system
system
system
system
system
system
system
system
system
system
system
system
system
system
system
system
system
system
system
system
system
systemd-logind[795]:
systemd-logind[795]:
systemd-logind[795]:
systemd-logind[795]:
systemd-logind[795]:
systemd-logind[795]:
systemd-logind[795]:
systemd-logind[795]:
systemd-logind[795]:
systemd-logind[795]:
systemd-logind[795]:
systemd-logind[808]:
systemd-logind[808]:
systemd-logind[808]:
systemd-logind[808]:
systemd-logind[808]:
systemd-logind[808]:
systemd-logind[808]:
systemd-logind[808]:
systemd-logind[808]:
systemd-logind[808]:
systemd-logind[808]:
systemd-logind[812]:
systemd-logind[812]:
systemd-logind[812]:
systemd-logind[812]:
systemd-logind[812]:
systemd-logind[812]:
systemd-logind[812]:
systemd-logind[812]:
systemd-logind[812]:
systemd-logind[812]:
systemd-logind[816]:
systemd-logind[816]:
systemd-logind[816]:
systemd-logind[816]:
systemd-logind[816]:
systemd-logind[816]:
systemd-logind[816]:
systemd-logind[816]:
systemd-logind[816]:
systemd-logind[844]:
systemd-logind[844]:
systemd-logind[844]:
systemd-logind[844]:
systemd-logind[844]:
systemd-logind[844]:
systemd-logind[844]:
systemd-logind[844]:
systemd-logind[844]:
systemd-logind[844]:
systemd-logind[844]:
systemd-logind[848]:
systemd-logind[848]:
systemd-logind[848]:
systemd-logind[848]:
systemd-logind[848]:
systemd-logind[848]:
systemd-logind[848]:
systemd-logind[848]:
systemd-logind[848]:
systemd-logind[848]:
systemd-logind[848]:
systemd-logind[853]:
systemd-logind[853]:
systemd-logind[853]:
systemd-logind[853]:
systemd-logind[853]:
systemd-logind[853]:
systemd-logind[853]:
systemd-logind[853]:
systemd-logind[853]:
systemd-logind[853]:
systemd-logind[853]:
systemd-logind[856]:
systemd-logind[856]:
systemd-logind[856]:
systemd-logind[856]:
systemd-logind[856]:
systemd-logind[856]:
systemd-logind[856]:
systemd-logind[856]:
systemd-logind[856]:
systemd-logind[856]:
systemd-logind[856]:
systemd-logind[858]:
systemd-logind[858]:
systemd-logind[858]:
systemd-logind[858]:
systemd-logind[858]:
systemd-logind[858]:
systemd-logind[858]:
systemd-logind[858]:
systemd-logind[858]:
systemd-logind[858]:
systemd-logind[858]:
systemd-logind[858]:
systemd-logind[858]:
systemd-logind[863]:
systemd-logind[863]:
systemd-logind[863]:
systemd-logind[863]:
systemd-logind[863]:
systemd-logind[863]:
systemd-logind[863]:
systemd-logind[863]:
systemd-logind[863]:
systemd-logind[863]:
systemd-logind[863]:
systemd-logind[864]:
systemd-logind[864]:
systemd-logind[864]:
systemd-logind[864]:
systemd-logind[864]:
systemd-logind[864]:
systemd-logind[864]:
systemd-logind[864]:
systemd-logind[864]:
systemd-logind[864]:
systemd-logind[864]:
systemd-logind[878]:
systemd-logind[878]:
systemd-logind[878]:
systemd-logind[878]:
systemd-logind[878]:
systemd-logind[878]:
systemd-logind[878]:
systemd-logind[878]:
systemd-logind[878]:
systemd-logind[878]:
systemd-logind[878]:
systemd-logind[878]:
systemd-logind[878]:
systemd-logind[892]:
systemd-logind[892]:
systemd-logind[892]:
systemd-logind[892]:
systemd-logind[892]:
systemd-logind[892]:
systemd-logind[892]:
systemd-logind[892]:
systemd-logind[892]:
systemd-logind[892]:
systemd-logind[892]:
systemd:
systemd:
systemd:
systemd:
systemd:
systemd:
systemd:
systemd:
systemd:
systemd:
systemd:
systemd:
systemd:
systemd:
systemd:
terminating.
tty=ssh
uid=0
user
user
user
user
user
user
user
user
user
user
user
user
user
user
user
user
user
user
user
user
user
user
user
user
user
user
user
user
user
user
user
user
user
user
user
user
user
user
user
user
user
user
user
user
user
user
user
user
user
user
user
user
user
user
user
user
user
user
user
user
user
user
user
user
user
user
user
user
user
user
user
user
user
user
user
user
user
user
user
user
user
user
user
user
user
user
user
user
user
user
user
user
user
user
user
user
user
user
user
user
user
user
user
user
user
user
user
user
user
user
user
user
user
user
user
user
user
user
user
user
user
user
user
user
user
user
user
user
user
user
user
user
user
user
user
user
user
user
user
user
user
user
user
user
user
user
user
user
user
user
user
user
user
user
user
user
user
user
user
user
user
user
user
user
user
user
user
user
user=rares
