     1                                  bits 32
     2                                  global start
     3                                  
     4                                  extern exit
     5                                  import exit msvcrt.dll
     6                                  
     7                                  segment data use32 class=data
     8 00000000 616263646566                s db 'abcdef'
     9                                      len equ $ - s
    10 00000006 00<rept>                    d times len db 0
    11                                      
    12                                  ; Se da un sir de caractere s.
    13                                  ; Se cere sirul de caractere d obtinut prin inversarea sirului s.
    14                                  segment code use32 class=code
    15                                      start:
    16 00000000 B906000000                      mov ecx, len
    17 00000005 E31A                            jecxz final
    18                                          
    19 00000007 BE05000000                      mov esi, len - 1
    20 0000000C BF00000000                      mov edi, 0  ;index
    21                                          
    22                                          
    23                                          repeta:
    24 00000011 8A86[00000000]                      mov al, [s + esi]
    25 00000017 8887[06000000]                      mov [d + edi] , al
    26                                              
    27 0000001D 4E                                  dec esi
    28 0000001E 47                                  inc edi
    29 0000001F E2F0                             loop repeta
    30                                           
    31                                          final:
    32                                          ; exit(0)
    33 00000021 6A00                            push dword 0        ; push the parameter for exit onto the stack
    34 00000023 FF15[00000000]                  call [exit]         ; call exit to terminate the program
