     1                                  bits 32
     2                                  global start
     3                                  
     4                                  extern exit
     5                                  import exit msvcrt.dll
     6                                  
     7                                  segment data use32 class=data
     8 00000000 616263646566                s db 'a', 'b', 'c', 'd', 'e', 'f'
     9                                      ls equ $-s
    10 00000006 00<rept>                    d times ls db 0
    11                                      
    12                                  ; Se da un sir de caractere s.
    13                                  ; Se cere sirul de caractere d obtinut prin inversarea sirului s, folosind instructiuni pe siruri.
    14                                  segment code use32 class=code
    15                                      start:
    16 00000000 B906000000                      mov ecx, ls
    17 00000005 E310                            jecxz final
    18                                          
    19 00000007 FD                              std
    20                                          
    21 00000008 BE[00000000]                    mov esi, s
    22 0000000D BF[06000000]                    mov edi, d
    23                                          
    24                                          repeta:
    25 00000012 FC                                  cld
    26 00000013 A4                                  movsb
    27 00000014 FD                                  std
    28 00000015 E2FB                            loop repeta
    29                                          
    30                                          
    31                                          final:
    32 00000017 6A00                            push dword 0
    33 00000019 FF15[00000000]                  call [exit]
