     1                                  bits 32
     2                                  global start
     3                                  
     4                                  extern exit
     5                                  import exit msvcrt.dll
     6                                  
     7                                  segment data use32 class=data
     8 00000000 616263646566                s db 'a', 'b', 'c', 'd', 'e', 'f'
     9                                      ls equ $-s
    10 00000006 00<rept>                    d times ls db 0
    11                                      
    12                                      
    13                                  ; Se da un sir de caractere s.
    14                                  ; Se cere sirul de caractere d obtinut prin copierea sirului s, folosind instructiuni pe siruri.
    15                                  segment code use32 class=code
    16                                      start:
    17 00000000 B906000000                      mov ecx, ls
    18 00000005 E30C                            jecxz final
    19                                          
    20 00000007 BE[00000000]                    mov esi, s
    21 0000000C BF[06000000]                    mov edi, d
    22                                          
    23 00000011 F3A4                            rep movsb
    24                                          
    25                                          
    26                                          final:
    27 00000013 6A00                            push dword 0
    28 00000015 FF15[00000000]                  call [exit]
