     1                                  bits 32 ; assembling for the 32 bits architecture
     2                                  
     3                                  ; declare the EntryPoint (a label defining the very first instruction of the program)
     4                                  global start        
     5                                  
     6                                  ; declare external functions needed by our program
     7                                  extern exit, printf, scanf           
     8                                  import exit msvcrt.dll    
     9                                  import printf msvcrt.dll    
    10                                  import scanf msvcrt.dll    
    11                                                            
    12                                  
    13                                  ; our data is declared here (the variables needed by our program)
    14                                  segment data use32 class=data
    15 00000000 6461746920756E206E-         mesaj db "dati un numar:    ", 0
    15 00000009 756D61723A20202020-
    15 00000012 00                 
    16                                      
    17 00000013 00000000                    n dd 0  ; definesc ca dublu cavant pt ca fucntiile ret in eax
    18 00000017 256400                      format_n db "%d", 0
    19                                      
    20 0000001A 416D20636974697420-         format_2 db "Am citit %d",0
    20 00000023 256400             
    21                                  ; our code starts here
    22                                  segment code use32 class=code
    23                                      start:
    24 00000000 68[00000000]                    push dword mesaj
    25 00000005 FF15[00000000]                  call [printf]
    26 0000000B 83C404                          add esp, 1*4
    27                                          
    28                                          ; cititrea unui intreg de la tastatura
    29                                          ;scanf("%d", &n)    ;adresa lui n
    30                                          
    31 0000000E 68[13000000]                    push dword n    ;punem pe stiva dresa lui n
    32 00000013 68[17000000]                    push dword format_n
    33                                          
    34 00000018 FF15[00000000]                  call [scanf]
    35                                          
    36 0000001E 83C408                          add esp, 2*4
    37                                          
    38                                          ;afisam intregul citit
    39                                          ;printf("%d", n)
    40                                          
    41 00000021 FF35[13000000]                  push dword [n]  ;punem valoarea de la adresa n !!!DIFERIT DE ADRESA
    42 00000027 68[1A000000]                    push dword format_2
    43                                          
    44 0000002C FF15[00000000]                  call[printf]
    45 00000032 83C408                          add esp, 2*4
    46                                      
    47                                          ; exit(0)
    48 00000035 6A00                            push    dword 0      ; push the parameter for exit onto the stack
    49 00000037 FF15[00000000]                  call    [exit]       ; call exit to terminate the program
