'/dev/tty1'
'/home/joe'
'/home/rares'
'adm'
'adm'
'cdrom'
'cdrom'
'dip'
'dip'
'joe'
'joe'
'joe'
'joe'
'joe'
'joe'
'joe'
'joe'
'joe'
'joe'
'joe'
'joe'
'joe'
'joe'
'joe'
'joe'
'joe'
'lpadmin'
'lpadmin'
'lxd'
'lxd'
'plugdev'
'plugdev'
'rares'
'rares'
'rares'
'rares'
'rares'
'rares'
'rares'
'rares'
'rares'
'rares'
'rares'
'rares'
'rares'
'rares'
'rares'
'rares'
'rares'
'rares'
'sambashare'
'sambashare'
'sudo'
'sudo'
(Power
(Power
(Power
(Power
(Power
(Power
(Power
(Sleep
(Sleep
(Sleep
(Sleep
(Sleep
(Sleep
(Sleep
(Video
(Video
(Video
(Video
(Video
(Video
(Video
(group
(group
(uid=0)
(uid=0)
(uid=0)
(uid=0)
(uid=0)
(uid=0)
(uid=0)
(uid=0)
(uid=0)
(uid=0)
(uid=0)
(uid=0)
(uid=0)
(uid=0)
(uid=0)
(uid=0)
(uid=0)
(uid=0)
(uid=0)
(uid=0)
+
+
+
+
+
-
-
-
-
-
/dev/input/event0
/dev/input/event0
/dev/input/event0
/dev/input/event0
/dev/input/event0
/dev/input/event0
/dev/input/event0
/dev/input/event1
/dev/input/event1
/dev/input/event1
/dev/input/event1
/dev/input/event1
/dev/input/event1
/dev/input/event1
/dev/input/event3
/dev/input/event3
/dev/input/event3
/dev/input/event3
/dev/input/event3
/dev/input/event3
/dev/input/event3
/dev/pts/0
/dev/pts/0
/dev/tty1
/dev/tty1
/dev/tty1
/etc/group
/etc/gshadow
0.0.0.0
0.0.0.0
0.0.0.0
0.0.0.0
0.0.0.0
0.0.0.0
0.0.0.0
07:38:41
07:38:41
07:38:41
07:38:41
07:38:45
07:38:45
07:39:10
07:39:10
07:39:10
07:39:10
07:56:53
07:56:53
07:56:53
08:00:44
08:00:44
08:00:44
08:00:44
08:00:51
08:00:51
08:01:26
08:01:28
08:01:32
08:01:32
08:01:32
08:01:32
08:17:01
08:17:01
09:17:01
09:17:01
09:39:38
09:39:39
09:39:39
09:50:44
09:50:44
09:50:44
09:50:44
09:50:51
09:50:51
09:50:51
1
1
1
1
1
1.
1.
1.
1.
10.0.2.2
10.0.2.2
10.0.2.2
10.0.2.2
10.0.2.2
10.0.2.2
10.0.2.2
10.0.2.2
10.0.2.2
10.0.2.2
10.0.2.2
1106
12:05:38
12:05:38
12:05:38
12:05:38
12:05:38
12:05:38
12:05:57
12:05:57
12:05:57
12:05:57
12:17:01
12:17:01
12:42:14
12:42:14
12:42:14
13:17:01
13:17:01
13:35:18
13:35:18
13:35:23
13:35:23
13:35:29
13:35:29
13:35:29
1418
1418
1575
1743
1743:13:
1745
1865
1946
2
2
2.
2.
2007
21:15:47
21:15:47
21:15:47
21:15:48
21:15:51
21:15:51
21:16:22
21:16:22
21:16:22
21:25:18
21:25:18
21:25:18
21:25:18
21:25:22
21:25:22
21:25:54
21:25:54
21:25:54
21:26:15
21:26:15
21:26:15
21:26:15
21:26:19
21:26:19
21:27:22
21:27:22
21:27:24
21:27:24
21:27:39
21:27:39
21:27:39
21:27:39
21:27:43
21:27:43
21:27:43
21:27:43
21:27:43
21:27:43
21:28:08
21:28:08
21:28:09
21:28:09
21:28:20
21:28:20
21:28:20
21:28:28
21:28:28
21:28:28
21:28:28
21:28:28
21:28:28
21:28:37
21:28:39
21:28:39
21:28:39
21:28:39
21:28:39
21:28:43
21:28:43
21:28:43
21:28:43
21:28:50
21:28:50
21:28:50
21:28:50
21:28:50
21:28:50
21:28:50
21:28:50
21:28:50
21:28:50
21:28:50
21:28:50
21:28:50
21:28:50
21:28:50
21:28:50
21:28:50
21:28:59
21:29:38
21:29:51
21:29:51
21:29:51
21:29:51
21:30:55
21:30:55
21:30:55
21:30:55
21:30:58
21:30:58
21:31:06
21:31:06
21:31:06
21:31:14
21:31:14
21:31:14
21:31:14
21:31:14
21:31:14
21:31:42
21:31:42
21:32:21
21:32:21
21:32:21
21:32:21
21:32:21
21:32:21
21:32:52
21:32:52
21:33:28
21:33:28
21:34:14
21:34:14
21:34:14
21:34:14
21:34:21
21:34:21
21:34:21
21:34:21
21:34:21
21:34:21
21:49:42
21:49:42
21:49:58
21:49:58
22.
22.
22.
22.
22.
22.
22.
22.
22.
22.
22.
22.
22.
22.
22:17:01
22:17:01
22:39:23
22:39:23
22:39:32
22:39:32
22:39:32
3
3
3.
4
4.
7
7
7
7
7
7
7
7
7
7
7
7
7
7
7
7
7
7
7
7
7
7
7
7
7
7
7
7
7
7
7
7
7
7
7
7
7
7
7
7
7
7
7
7
7
7
7
7
7
7
7
7
7
7
7
7
7
7
7
7
7
7
7
7
7
7
7
7
7
7
7
7
7
7
7
7
7
7
7
7
7
7
7
7
7
7
7
7
7
7
7
7
7
7
7
7
7
7
7
7
7
7
7
7
7
7
7
7
7
7
7
7
7
7
7
7
7
7
7
7
7
7
7
7
7
7
7
7
7
7
7
7
8
8
8
8
8
8
8
8
8
8
8
8
8
8
8
8
8
8
8
8
8
8
8
8
8
8
8
8
8
8
8
8
8
8
8
8
8
8
8
8
8
8
8
8
8
8
8
8
8
8
8
8
8
8
8
8
8
8
8
8
8
8
8
:
:
:
:
:
::
::
::
::
::
::
::
;
;
;
;
;
;
;
;
;
;
;
;
;
;
;
Accepted
Accepted
Accepted
Accepted
Accepted
Accepted
Accepted
Already
Already
Already
Already
Already
Bus)
Bus)
Bus)
Bus)
Bus)
Bus)
Bus)
Button)
Button)
Button)
Button)
Button)
Button)
Button)
Button)
Button)
Button)
Button)
Button)
Button)
Button)
COMMAND=/bin/su
COMMAND=/bin/su
COMMAND=/bin/su
COMMAND=/bin/su
COMMAND=/bin/su
CRON[1189]:
CRON[1189]:
CRON[1242]:
CRON[1242]:
CRON[1436]:
CRON[1436]:
CRON[16143]:
CRON[16143]:
CRON[3669]:
CRON[3669]:
Cannot
Cannot
Cannot
Cannot
Cannot
Disconnected
Failed
Invalid
LOGIN
LOGIN(uid=0)
LOGIN(uid=0)
LOGIN(uid=0)
Mar
Mar
Mar
Mar
Mar
Mar
Mar
Mar
Mar
Mar
Mar
Mar
Mar
Mar
Mar
Mar
Mar
Mar
Mar
Mar
Mar
Mar
Mar
Mar
Mar
Mar
Mar
Mar
Mar
Mar
Mar
Mar
Mar
Mar
Mar
Mar
Mar
Mar
Mar
Mar
Mar
Mar
Mar
Mar
Mar
Mar
Mar
Mar
Mar
Mar
Mar
Mar
Mar
Mar
Mar
Mar
Mar
Mar
Mar
Mar
Mar
Mar
Mar
Mar
Mar
Mar
Mar
Mar
Mar
Mar
Mar
Mar
Mar
Mar
Mar
Mar
Mar
Mar
Mar
Mar
Mar
Mar
Mar
Mar
Mar
Mar
Mar
Mar
Mar
Mar
Mar
Mar
Mar
Mar
Mar
Mar
Mar
Mar
Mar
Mar
Mar
Mar
Mar
Mar
Mar
Mar
Mar
Mar
Mar
Mar
Mar
Mar
Mar
Mar
Mar
Mar
Mar
Mar
Mar
Mar
Mar
Mar
Mar
Mar
Mar
Mar
Mar
Mar
Mar
Mar
Mar
Mar
Mar
Mar
Mar
Mar
Mar
Mar
Mar
Mar
Mar
Mar
Mar
Mar
Mar
Mar
Mar
Mar
Mar
Mar
Mar
Mar
Mar
Mar
Mar
Mar
Mar
Mar
Mar
Mar
Mar
Mar
Mar
Mar
Mar
Mar
Mar
Mar
Mar
Mar
Mar
Mar
Mar
Mar
Mar
Mar
Mar
Mar
Mar
Mar
Mar
Mar
Mar
Mar
Mar
Mar
Mar
Mar
Mar
Mar
Mar
Mar
Mar
Mar
Mar
New
New
New
New
New
New
New
New
New
New
New
New
New
New
New
New
New
Off...
Off...
Off...
Off...
Off...
Off...
Off...
PWD=/home/joe
PWD=/home/joe
PWD=/home/rares
PWD=/home/rares
PWD=/home/rares
Power
Power
Power
Power
Power
Power
Power
Powering
Powering
Powering
Powering
Powering
Powering
Powering
ROOT
Received
Removed
Removed
Removed
Removed
Removed
Removed
Removed
Removed
Server
Server
Server
Server
Server
Server
Server
Server
Server
Server
Server
Server
Server
Server
Successful
Successful
Successful
Successful
Successful
System
System
System
System
System
System
System
TTY=pts/0
TTY=pts/0
TTY=tty1
TTY=tty1
TTY=tty1
USER=root
USER=root
USER=root
USER=root
USER=root
Unable
Watching
Watching
Watching
Watching
Watching
Watching
Watching
Watching
Watching
Watching
Watching
Watching
Watching
Watching
Watching
Watching
Watching
Watching
Watching
Watching
Watching
[preauth]
[preauth]
[preauth]
a
a
a
a
a
authenticate
authentication
buttons
buttons
buttons
buttons
buttons
buttons
buttons
buttons
buttons
buttons
buttons
buttons
buttons
buttons
buttons
buttons
buttons
buttons
buttons
buttons
buttons
by
by
by
by
by
by
by
by
by
by
by
by
by
by
by
by
by
by
by
by
by
by
by
by
by
by
by
by
by
by
by
by
by
by
by
by
by
by
change
change
change
change
change
change
change
change
change
change
change
change
change
change
change
change
change
change
changed
changed
changed
changed
closed
closed
closed
closed
closed
closed
closed
closed
closed
closed
closed
closed
closed
closed
closed
closed
closed
closed
closed
closed
closed
closed
closed
closed
closed
create
create
create
create
create
disconnect
down.
down.
down.
down.
down.
down.
down.
error:
euid=0
failure;
for
for
for
for
for
for
for
for
for
for
for
for
for
for
for
for
for
for
for
for
for
for
for
for
for
for
for
for
for
for
for
for
for
for
for
for
for
for
for
for
for
for
for
for
for
for
for
for
for
for
for
for
for
for
for
for
for
for
for
for
for
for
for
for
for
for
for
for
for
for
for
for
for
from
from
from
from
from
from
from
from
from
from
from
from
group
group
group
group
group
group
group
group
group
group
group
group
group
group
group
group
group
group
groupmod[16110]:
groupmod[16110]:
home
in
in
in
in
in
in
in
in
in
in
in
in
in
in
in
in
in
in
in
in
in
in
in
input_userauth_request:
invalid
is
is
is
is
is
is
is
joe
joe
joe
joe
joe
joe
joe
joe
joe
joe
joe(uid=0)
joe(uid=0)
joe(uid=0)
joe(uid=0)
joe,
joe.
joe.
joe/1000,
key
key
key
key
key
key
key
listening
listening
listening
listening
listening
listening
listening
listening
listening
listening
listening
listening
listening
listening
login[1090]:
login[1090]:
login[1090]:
login[1090]:
login[1297]:
login[1344]:
logname=
name
name:
name:
new
new
of
of
of
of
of
of
of
of
of
of
on
on
on
on
on
on
on
on
on
on
on
on
on
on
on
on
on
on
on
on
on
on
on
on
on
on
on
on
on
on
on
on
on
on
on
on
opened
opened
opened
opened
opened
opened
opened
opened
opened
opened
opened
opened
opened
opened
opened
opened
opened
opened
opened
opened
opened
opened
opened
opened
opened
opened
opened
opened
opened
opened
opened
opened
opened
osvm
osvm
osvm
osvm
osvm
osvm
osvm
osvm
osvm
osvm
osvm
osvm
osvm
osvm
osvm
osvm
osvm
osvm
osvm
osvm
osvm
osvm
osvm
osvm
osvm
osvm
osvm
osvm
osvm
osvm
osvm
osvm
osvm
osvm
osvm
osvm
osvm
osvm
osvm
osvm
osvm
osvm
osvm
osvm
osvm
osvm
osvm
osvm
osvm
osvm
osvm
osvm
osvm
osvm
osvm
osvm
osvm
osvm
osvm
osvm
osvm
osvm
osvm
osvm
osvm
osvm
osvm
osvm
osvm
osvm
osvm
osvm
osvm
osvm
osvm
osvm
osvm
osvm
osvm
osvm
osvm
osvm
osvm
osvm
osvm
osvm
osvm
osvm
osvm
osvm
osvm
osvm
osvm
osvm
osvm
osvm
osvm
osvm
osvm
osvm
osvm
osvm
osvm
osvm
osvm
osvm
osvm
osvm
osvm
osvm
osvm
osvm
osvm
osvm
osvm
osvm
osvm
osvm
osvm
osvm
osvm
osvm
osvm
osvm
osvm
osvm
osvm
osvm
osvm
osvm
osvm
osvm
osvm
osvm
osvm
osvm
osvm
osvm
osvm
osvm
osvm
osvm
osvm
osvm
osvm
osvm
osvm
osvm
osvm
osvm
osvm
osvm
osvm
osvm
osvm
osvm
osvm
osvm
osvm
osvm
osvm
osvm
osvm
osvm
osvm
osvm
osvm
osvm
osvm
osvm
osvm
osvm
osvm
osvm
osvm
osvm
osvm
osvm
osvm
osvm
osvm
osvm
osvm
osvm
osvm
osvm
osvm
osvm
osvm
osvm
osvm
osvm
osvm
osvm
osvm
pam_systemd(su:session):
pam_systemd(su:session):
pam_systemd(su:session):
pam_systemd(su:session):
pam_systemd(su:session):
pam_unix(cron:session):
pam_unix(cron:session):
pam_unix(cron:session):
pam_unix(cron:session):
pam_unix(cron:session):
pam_unix(cron:session):
pam_unix(cron:session):
pam_unix(cron:session):
pam_unix(cron:session):
pam_unix(cron:session):
pam_unix(login:session):
pam_unix(login:session):
pam_unix(login:session):
pam_unix(login:session):
pam_unix(login:session):
pam_unix(passwd:chauthtok):
pam_unix(passwd:chauthtok):
pam_unix(sshd:auth):
pam_unix(sshd:session):
pam_unix(sshd:session):
pam_unix(sshd:session):
pam_unix(sshd:session):
pam_unix(sshd:session):
pam_unix(sshd:session):
pam_unix(sshd:session):
pam_unix(sshd:session):
pam_unix(sshd:session):
pam_unix(sshd:session):
pam_unix(sshd:session):
pam_unix(sshd:session):
pam_unix(sshd:session):
pam_unix(su:session):
pam_unix(su:session):
pam_unix(su:session):
pam_unix(su:session):
pam_unix(su:session):
pam_unix(su:session):
pam_unix(su:session):
pam_unix(su:session):
pam_unix(su:session):
pam_unix(su:session):
pam_unix(sudo:session):
pam_unix(sudo:session):
pam_unix(sudo:session):
pam_unix(sudo:session):
pam_unix(sudo:session):
pam_unix(sudo:session):
pam_unix(sudo:session):
pam_unix(sudo:session):
pam_unix(sudo:session):
pam_unix(sudo:session):
pam_unix(systemd-user:session):
pam_unix(systemd-user:session):
pam_unix(systemd-user:session):
pam_unix(systemd-user:session):
pam_unix(systemd-user:session):
pam_unix(systemd-user:session):
pam_unix(systemd-user:session):
pam_unix(systemd-user:session):
pam_unix(systemd-user:session):
pam_unix(systemd-user:session):
passwd[1286]:
passwd[1362]:
password
password
password
password
password
password
password
password
password
password
port
port
port
port
port
port
port
port
port
port
port
port
port
port
port
port
port
port
port
port
port
port
port
port
powering
powering
powering
powering
powering
powering
powering
pressed.
pressed.
pressed.
pressed.
pressed.
pressed.
pressed.
rares
rares
rares
rares
rares
rares
rares
rares
rares
rares
rares
rares
rares
rares
rares
rares
rares
rares
rares
rares
rares
rares
rares
rares
rares
rares
rares
rares
rares
rares
rares
rares(uid=0)
rares(uid=0)
rares(uid=0)
rares(uid=0)
rares(uid=0)
rares(uid=0)
rares)
rares)
rares.
rares.
rares.
rares.
rares.
rares.
rares.
rhost=10.0.2.2
root
root
root
root
root
root
root
root
root
root
root
root
root
root
root
root
root
root
root
root
root
root
root
root
root
root
root
root
root
root
root
root
root
root
root
root
root
root
root
root
root
root
root
root
root.
root:root
root:root
root:root
root:root
root:root
running
running
running
running
running
ruser=
seat
seat
seat
seat
seat
seat
seat
seat0.
seat0.
seat0.
seat0.
seat0.
seat0.
seat0.
session
session
session
session
session
session
session
session
session
session
session
session
session
session
session
session
session
session
session
session
session
session
session
session
session
session
session
session
session
session
session
session
session
session
session
session
session
session
session
session
session
session
session
session
session
session
session
session
session
session
session
session
session
session
session
session
session
session
session
session
session
session
session
session
session
session
session
session
session
session
session
session
session
session
session
session
session
session
session
session
session
session:
session:
session:
session:
session:
shadow
shadow
shadow
shadow
shadow
shadow
shadow
shadow
ssh2
ssh2
ssh2
ssh2
ssh2
ssh2
ssh2
ssh2
sshd[1010]:
sshd[1010]:
sshd[1015]:
sshd[1015]:
sshd[1025]:
sshd[1025]:
sshd[1053]:
sshd[1053]:
sshd[1087]:
sshd[1087]:
sshd[1087]:
sshd[1087]:
sshd[1087]:
sshd[1104]:
sshd[1104]:
sshd[1104]:
sshd[1116]:
sshd[1116]:
sshd[1116]:
sshd[1116]:
sshd[1118]:
sshd[1118]:
sshd[1118]:
sshd[1173]:
sshd[1173]:
sshd[1274]:
sshd[1274]:
sshd[1274]:
sshd[1292]:
sshd[1292]:
sshd[1292]:
sshd[6303]:
sshd[6303]:
sshd[6303]:
sshd[969]:
sshd[969]:
sshd[991]:
sshd[991]:
sshd[992]:
sshd[992]:
su
su
su
su
su
su[1181]:
su[1181]:
su[1181]:
su[1181]:
su[1181]:
su[1199]:
su[1199]:
su[1199]:
su[1199]:
su[1199]:
su[1215]:
su[1215]:
su[1215]:
su[1215]:
su[1215]:
su[1272]:
su[1272]:
su[1272]:
su[1272]:
su[1272]:
su[1325]:
su[1325]:
su[1325]:
su[1325]:
su[1325]:
sudo:
sudo:
sudo:
sudo:
sudo:
sudo:
sudo:
sudo:
sudo:
sudo:
sudo:
sudo:
sudo:
sudo:
sudo:
system
system
system
system
system
system
system
system
system
system
system
system
system
system
system
system
system
system
system
system
system
systemd-logind[787]:
systemd-logind[787]:
systemd-logind[787]:
systemd-logind[787]:
systemd-logind[787]:
systemd-logind[787]:
systemd-logind[787]:
systemd-logind[787]:
systemd-logind[787]:
systemd-logind[787]:
systemd-logind[787]:
systemd-logind[811]:
systemd-logind[811]:
systemd-logind[811]:
systemd-logind[811]:
systemd-logind[811]:
systemd-logind[811]:
systemd-logind[811]:
systemd-logind[811]:
systemd-logind[811]:
systemd-logind[811]:
systemd-logind[811]:
systemd-logind[817]:
systemd-logind[817]:
systemd-logind[817]:
systemd-logind[817]:
systemd-logind[817]:
systemd-logind[817]:
systemd-logind[817]:
systemd-logind[817]:
systemd-logind[821]:
systemd-logind[821]:
systemd-logind[821]:
systemd-logind[821]:
systemd-logind[821]:
systemd-logind[821]:
systemd-logind[821]:
systemd-logind[821]:
systemd-logind[821]:
systemd-logind[821]:
systemd-logind[821]:
systemd-logind[833]:
systemd-logind[833]:
systemd-logind[833]:
systemd-logind[833]:
systemd-logind[833]:
systemd-logind[833]:
systemd-logind[833]:
systemd-logind[864]:
systemd-logind[864]:
systemd-logind[864]:
systemd-logind[864]:
systemd-logind[864]:
systemd-logind[864]:
systemd-logind[864]:
systemd-logind[864]:
systemd-logind[864]:
systemd-logind[864]:
systemd-logind[864]:
systemd-logind[864]:
systemd-logind[866]:
systemd-logind[866]:
systemd-logind[866]:
systemd-logind[866]:
systemd-logind[866]:
systemd-logind[866]:
systemd-logind[866]:
systemd:
systemd:
systemd:
systemd:
systemd:
systemd:
systemd:
systemd:
systemd:
systemd:
to
to
to
to
to
to
to
to
to
to
to
to
to
to
to
to
to
to
to
tty=ssh
uid=0
user
user
user
user
user
user
user
user
user
user
user
user
user
user
user
user
user
user
user
user
user
user
user
user
user
user
user
user
user
user
user
user
user
user
user
user
user
user
user
user
user
user
user
user
user
user
user
user
user
user
user
user
user
user
user
user
user
user
user
user
user
user
user
user
user
user
user
user
user
user
user
user
user=rares
usermod[1357]:
usermod[1357]:
usermod[1357]:
usermod[1357]:
usermod[1357]:
usermod[1357]:
usermod[1357]:
usermod[1357]:
usermod[1357]:
usermod[1357]:
usermod[1357]:
usermod[1357]:
usermod[1357]:
usermod[1357]:
usermod[1357]:
usermod[1357]:
usermod[1357]:
usermod[1364]:
